ACW/app/build/outputs/logs/manifest-merger-debug-report.txt
-- Merging decision tree log ---
manifest
ADDED from src\main\AndroidManifest.xml:3:1-99:12
	package
		ADDED from src\main\AndroidManifest.xml:5:5-30
		INJECTED from src\main\AndroidManifest.xml
		INJECTED from src\main\AndroidManifest.xml
	android:versionName
		INJECTED from src\main\AndroidManifest.xml
		INJECTED from src\main\AndroidManifest.xml
	xmlns:android
		ADDED from src\main\AndroidManifest.xml:4:5-63
	android:versionCode
		INJECTED from src\main\AndroidManifest.xml
		INJECTED from src\main\AndroidManifest.xml
uses-permission#android.permission.INTERNET
ADDED from src\main\AndroidManifest.xml:8:5-10:11
	android:name
		ADDED from src\main\AndroidManifest.xml:9:9-51
application
ADDED from src\main\AndroidManifest.xml:12:5-98:19
MERGED from [com.android.support:appcompat-v7:24.2.1] AndroidManifest.xml:25:5-20
MERGED from [com.android.support:support-v4:24.2.1] AndroidManifest.xml:25:5-20
MERGED from [com.android.support:support-compat:24.2.1] AndroidManifest.xml:25:5-20
MERGED from [com.android.support:support-media-compat:24.2.1] AndroidManifest.xml:25:5-20
MERGED from [com.android.support:support-compat:24.2.1] AndroidManifest.xml:25:5-20
MERGED from [com.android.support:support-core-utils:24.2.1] AndroidManifest.xml:25:5-20
MERGED from [com.android.support:support-compat:24.2.1] AndroidManifest.xml:25:5-20
MERGED from [com.android.support:support-core-ui:24.2.1] AndroidManifest.xml:25:5-20
MERGED from [com.android.support:support-compat:24.2.1] AndroidManifest.xml:25:5-20
MERGED from [com.android.support:support-fragment:24.2.1] AndroidManifest.xml:25:5-20
MERGED from [com.android.support:support-compat:24.2.1] AndroidManifest.xml:25:5-20
MERGED from [com.android.support:support-media-compat:24.2.1] AndroidManifest.xml:25:5-20
MERGED from [com.android.support:support-compat:24.2.1] AndroidManifest.xml:25:5-20
MERGED from [com.android.support:support-core-ui:24.2.1] AndroidManifest.xml:25:5-20
MERGED from [com.android.support:support-compat:24.2.1] AndroidManifest.xml:25:5-20
MERGED from [com.android.support:support-core-utils:24.2.1] AndroidManifest.xml:25:5-20
MERGED from [com.android.support:support-compat:24.2.1] AndroidManifest.xml:25:5-20
MERGED from [com.android.support:support-vector-drawable:24.2.1] AndroidManifest.xml:23:5-20
MERGED from [com.android.support:support-compat:24.2.1] AndroidManifest.xml:25:5-20
MERGED from [com.android.support:animated-vector-drawable:24.2.1] AndroidManifest.xml:22:5-20
MERGED from [com.android.support:support-vector-drawable:24.2.1] AndroidManifest.xml:23:5-20
MERGED from [com.android.support:support-compat:24.2.1] AndroidManifest.xml:25:5-20
	android:label
		ADDED from src\main\AndroidManifest.xml:16:9-41
	android:fullBackupContent
		ADDED from src\main\AndroidManifest.xml:14:9-48
	android:allowBackup
		ADDED from src\main\AndroidManifest.xml:13:9-35
	android:icon
		ADDED from src\main\AndroidManifest.xml:15:9-38
	android:theme
		ADDED from src\main\AndroidManifest.xml:17:9-40
activity#mobile.labs.acw.MainActivity
ADDED from src\main\AndroidManifest.xml:19:9-31:20
	android:name
		ADDED from src\main\AndroidManifest.xml:20:13-41
intent-filter#android.intent.action.MAIN+android.intent.category.LAUNCHER
ADDED from src\main\AndroidManifest.xml:22:13-30:29
action#android.intent.action.MAIN
ADDED from src\main\AndroidManifest.xml:23:17-25:23
	android:name
		ADDED from src\main\AndroidManifest.xml:24:21-62
category#android.intent.category.LAUNCHER
ADDED from src\main\AndroidManifest.xml:27:17-29:23
	android:name
		ADDED from src\main\AndroidManifest.xml:28:21-68
activity#mobile.labs.acw.MenuActivity
ADDED from src\main\AndroidManifest.xml:33:9-41:20
	android:name
		ADDED from src\main\AndroidManifest.xml:34:13-41
intent-filter#android.intent.action.MENU
ADDED from src\main\AndroidManifest.xml:36:13-40:29
action#android.intent.action.MENU
ADDED from src\main\AndroidManifest.xml:37:17-39:23
	android:name
		ADDED from src\main\AndroidManifest.xml:38:21-62
activity#mobile.labs.acw.ClickGameActivity
ADDED from src\main\AndroidManifest.xml:43:9-69:20
	android:name
		ADDED from src\main\AndroidManifest.xml:44:13-46
intent-filter#android.intent.action.CLICK+android.intent.action.VIEW+android.intent.category.BROWSABLE+android.intent.category.DEFAULT
ADDED from src\main\AndroidManifest.xml:46:13-68:29
action#android.intent.action.CLICK
ADDED from src\main\AndroidManifest.xml:47:17-49:23
	android:name
		ADDED from src\main\AndroidManifest.xml:48:21-63
action#android.intent.action.VIEW
ADDED from src\main\AndroidManifest.xml:51:17-53:23
	android:name
		ADDED from src\main\AndroidManifest.xml:52:21-62
category#android.intent.category.DEFAULT
ADDED from src\main\AndroidManifest.xml:55:17-57:23
	android:name
		ADDED from src\main\AndroidManifest.xml:56:21-67
category#android.intent.category.BROWSABLE
ADDED from src\main\AndroidManifest.xml:59:17-61:23
	android:name
		ADDED from src\main\AndroidManifest.xml:60:21-69
data
ADDED from src\main\AndroidManifest.xml:63:17-67:23
	android:host
		ADDED from src\main\AndroidManifest.xml:64:21-51
	android:scheme
		ADDED from src\main\AndroidManifest.xml:66:21-42
	android:pathPrefix
		ADDED from src\main\AndroidManifest.xml:65:21-47
activity#mobile.labs.acw.DragGameActivity
ADDED from src\main\AndroidManifest.xml:71:9-97:20
	android:name
		ADDED from src\main\AndroidManifest.xml:72:13-45
intent-filter#android.intent.action.DRAG+android.intent.action.VIEW+android.intent.category.BROWSABLE+android.intent.category.DEFAULT
ADDED from src\main\AndroidManifest.xml:74:13-96:29
action#android.intent.action.DRAG
ADDED from src\main\AndroidManifest.xml:75:17-77:23
	android:name
		ADDED from src\main\AndroidManifest.xml:76:21-62
uses-sdk
INJECTED from src\main\AndroidManifest.xml reason: use-sdk injection requested
MERGED from [com.android.support:appcompat-v7:24.2.1] AndroidManifest.xml:21:5-23:78
MERGED from [com.android.support:support-v4:24.2.1] AndroidManifest.xml:21:5-23:54
MERGED from [com.android.support:support-compat:24.2.1] AndroidManifest.xml:21:5-23:58
MERGED from [com.android.support:support-media-compat:24.2.1] AndroidManifest.xml:21:5-23:63
MERGED from [com.android.support:support-compat:24.2.1] AndroidManifest.xml:21:5-23:58
MERGED from [com.android.support:support-core-utils:24.2.1] AndroidManifest.xml:21:5-23:61
MERGED from [com.android.support:support-compat:24.2.1] AndroidManifest.xml:21:5-23:58
MERGED from [com.android.support:support-core-ui:24.2.1] AndroidManifest.xml:21:5-23:58
MERGED from [com.android.support:support-compat:24.2.1] AndroidManifest.xml:21:5-23:58
MERGED from [com.android.support:support-fragment:24.2.1] AndroidManifest.xml:21:5-23:60
MERGED from [com.android.support:support-compat:24.2.1] AndroidManifest.xml:21:5-23:58
MERGED from [com.android.support:support-media-compat:24.2.1] AndroidManifest.xml:21:5-23:63
MERGED from [com.android.support:support-compat:24.2.1] AndroidManifest.xml:21:5-23:58
MERGED from [com.android.support:support-core-ui:24.2.1] AndroidManifest.xml:21:5-23:58
MERGED from [com.android.support:support-compat:24.2.1] AndroidManifest.xml:21:5-23:58
MERGED from [com.android.support:support-core-utils:24.2.1] AndroidManifest.xml:21:5-23:61
MERGED from [com.android.support:support-compat:24.2.1] AndroidManifest.xml:21:5-23:58
MERGED from [com.android.support:support-vector-drawable:24.2.1] AndroidManifest.xml:21:5-43
MERGED from [com.android.support:support-compat:24.2.1] AndroidManifest.xml:21:5-23:58
MERGED from [com.android.support:animated-vector-drawable:24.2.1] AndroidManifest.xml:20:5-44
MERGED from [com.android.support:support-vector-drawable:24.2.1] AndroidManifest.xml:21:5-43
MERGED from [com.android.support:support-compat:24.2.1] AndroidManifest.xml:21:5-23:58
	tools:overrideLibrary
		ADDED from [com.android.support:appcompat-v7:24.2.1] AndroidManifest.xml:23:9-75
	android:targetSdkVersion
		INJECTED from src\main\AndroidManifest.xml
		INJECTED from src\main\AndroidManifest.xml
	android:minSdkVersion
		INJECTED from src\main\AndroidManifest.xml
		INJECTED from src\main\AndroidManifest.xml